[debug] [2021-11-10T05:11:30.768Z] ----------------------------------------------------------------------
[debug] [2021-11-10T05:11:30.774Z] Command:       C:\Program Files\nodejs\node.exe C:\Users\Oroscochimoy\AppData\Roaming\npm\node_modules\firebase-tools\lib\bin\firebase.js init
[debug] [2021-11-10T05:11:30.775Z] CLI Version:   9.22.0
[debug] [2021-11-10T05:11:30.775Z] Platform:      win32
[debug] [2021-11-10T05:11:30.776Z] Node Version:  v16.13.0
[debug] [2021-11-10T05:11:30.778Z] Time:          Wed Nov 10 2021 00:11:30 GMT-0500 (hora estándar de Perú)
[debug] [2021-11-10T05:11:30.778Z] ----------------------------------------------------------------------
[debug] 
[debug] [2021-11-10T05:11:30.796Z] > command requires scopes: ["email","openid","https://www.googleapis.com/auth/cloudplatformprojects.readonly","https://www.googleapis.com/auth/firebase","https://www.googleapis.com/auth/cloud-platform"]
[debug] [2021-11-10T05:11:30.797Z] > authorizing via signed-in user (argloforever@gmail.com)
[info] 
     ######## #### ########  ######## ########     ###     ######  ########
     ##        ##  ##     ## ##       ##     ##  ##   ##  ##       ##
     ######    ##  ########  ######   ########  #########  ######  ######
     ##        ##  ##    ##  ##       ##     ## ##     ##       ## ##
     ##       #### ##     ## ######## ########  ##     ##  ######  ########

You're about to initialize a Firebase project in this directory:

  C:\Users\Oroscochimoy\Desktop\POLLERIA

[info] 
=== Project Setup
[info] 
[info] First, let's associate this project directory with a Firebase project.
[info] You can create multiple project aliases by running firebase use --add, 
[info] but for now we'll just set up a default project.
[info] 
[debug] [2021-11-10T05:15:20.171Z] >>> [apiv2][query] GET https://firebase.googleapis.com/v1beta1/projects pageSize=100
[debug] [2021-11-10T05:15:25.486Z] <<< [apiv2][status] GET https://firebase.googleapis.com/v1beta1/projects 200
[debug] [2021-11-10T05:15:25.487Z] <<< [apiv2][body] GET https://firebase.googleapis.com/v1beta1/projects [omitted]
[info] i  Using project paginapolleria (paginapolleria) 
[info] 
=== Hosting Setup
[info] 
[info] Your public directory is the folder (relative to your project directory) that
[info] will contain Hosting assets to be uploaded with firebase deploy. If you
[info] have a build process for your assets, use your build's output directory.
[info] 
[debug] [2021-11-10T05:18:51.542Z] >>> [apiv2][query] GET https://www.gstatic.com/firebasejs/releases.json [none]
[debug] [2021-11-10T05:18:51.846Z] <<< [apiv2][status] GET https://www.gstatic.com/firebasejs/releases.json 200
[debug] [2021-11-10T05:18:51.847Z] <<< [apiv2][body] GET https://www.gstatic.com/firebasejs/releases.json {"current":{"version":"9.4.0","browserURL":"https://www.gstatic.com/firebasejs/9.4.0/firebase.js","packageURL":"https://www.gstatic.com/firebasejs/9.4.0/firebase.tgz"},"live":{"version":"9.4","browserURL":"https://www.gstatic.com/firebasejs/live/9.4/firebase.js","packageURL":"https://www.gstatic.com/firebasejs/live/9.4/firebase.tgz"},"components":{"analytics":"https://www.gstatic.com/firebasejs/9.4.0/firebase-analytics.js","app":"https://www.gstatic.com/firebasejs/9.4.0/firebase-app.js","app-check":"https://www.gstatic.com/firebasejs/9.4.0/firebase-app-check.js","auth":"https://www.gstatic.com/firebasejs/9.4.0/firebase-auth.js","auth/cordova":"https://www.gstatic.com/firebasejs/9.4.0/firebase-auth/cordova.js","auth/react-native":"https://www.gstatic.com/firebasejs/9.4.0/firebase-auth/react-native.js","functions":"https://www.gstatic.com/firebasejs/9.4.0/firebase-functions.js","firestore":"https://www.gstatic.com/firebasejs/9.4.0/firebase-firestore.js","firestore/lite":"https://www.gstatic.com/firebasejs/9.4.0/firebase-firestore/lite.js","storage":"https://www.gstatic.com/firebasejs/9.4.0/firebase-storage.js","performance":"https://www.gstatic.com/firebasejs/9.4.0/firebase-performance.js","remote-config":"https://www.gstatic.com/firebasejs/9.4.0/firebase-remote-config.js","messaging":"https://www.gstatic.com/firebasejs/9.4.0/firebase-messaging.js","messaging/sw":"https://www.gstatic.com/firebasejs/9.4.0/firebase-messaging/sw.js","database":"https://www.gstatic.com/firebasejs/9.4.0/firebase-database.js","firestore.memory":"https://www.gstatic.com/firebasejs/9.4.0/firebase-firestore.memory.js"}}
[info] +  Wrote public/index.html 
[info] 
[info] i  Didn't detect a .git folder. Assuming C:\Users\Oroscochimoy\Desktop\POLLERIA is the project root. 
[info] i  Authorizing with GitHub to upload your service account to a GitHub repository's secrets store. 
[info] 
[info] Visit this URL on this device to log in:
[info] https://github.com/login/oauth/authorize?client_id=89cf50f02ac6aaed3484&state=107120903&redirect_uri=http%3A%2F%2Flocalhost%3A9005&scope=read%3Auser%20repo%20public_repo
[info] 
[info] Waiting for authentication...
